<?xml version="1.0" encoding="UTF-8"?>
<!-- Generated by org.testng.reporters.JUnitReportReporter -->
<testsuite hostname="LAPTOP-MB7DGVQG" failures="0" tests="1" name="Home.NewTestHome" time="4.380" errors="0" timestamp="2024-04-08T16:46:19 IST" skipped="0">
  <testcase classname="Home.NewTestHome" name="f" time="4.380"/>
  <system-out/>
</testsuite> <!-- Home.NewTestHome -->
