<?xml version="1.0" encoding="UTF-8"?>
<!-- Generated by org.testng.reporters.JUnitReportReporter -->
<testsuite hostname="LAPTOP-MB7DGVQG" failures="0" tests="1" name="QAClick.QAClickHome" time="2.209" errors="0" timestamp="2024-04-08T16:46:19 IST" skipped="0">
  <testcase classname="QAClick.QAClickHome" name="f" time="2.209"/>
  <system-out/>
</testsuite> <!-- QAClick.QAClickHome -->
