<?xml version="1.0" encoding="UTF-8"?>
<!-- Generated by org.testng.reporters.JUnitReportReporter -->
<testsuite hostname="LAPTOP-MB7DGVQG" failures="0" tests="1" name="com.stc.QAFramework.RunTest" time="0.001" errors="0" timestamp="2024-04-08T16:46:19 IST" skipped="0">
  <testcase classname="com.stc.QAFramework.RunTest" name="f" time="0.001"/>
  <system-out/>
</testsuite> <!-- com.stc.QAFramework.RunTest -->
